<?xml version="1.0" encoding="UTF-8"?>
<testsuite xmlns:xsi="http://www.w3.org/2001/XMLSchema-instance" xsi:noNamespaceSchemaLocation="https://maven.apache.org/surefire/maven-surefire-plugin/xsd/surefire-test-report.xsd" version="3.0.2" name="com.serviceregistry.ServiceRegistryEurekaApplicationTests" time="11.461" tests="1" errors="0" skipped="0" failures="0">
  <properties>
[...]
</properties>
  <testcase name="contextLoads" classname="com.serviceregistry.ServiceRegistryEurekaApplicationTests" time="1.366">
    <system-out><![CDATA[08:04:43.546 [main] INFO org.springframework.test.context.support.AnnotationConfigContextLoaderUtils -- Could not detect default configuration classes for test class [com.serviceregistry.ServiceRegistryEurekaApplicationTests]: ServiceRegistryEurekaApplicationTests does not declare any static, non-private, non-final, nested classes annotated with @Configuration.
08:04:43.818 [main] INFO org.springframework.boot.test.context.SpringBootTestContextBootstrapper -- Found @SpringBootConfiguration com.serviceregistry.ServiceRegistryEurekaApplication for test class com.serviceregistry.ServiceRegistryEurekaApplicationTests
08:04:44.405 [main] INFO org.springframework.boot.devtools.restart.RestartApplicationListener -- Restart disabled due to context in which it is running

  .   ____          _            __ _ _
 /\\ / ___'_ __ _ _(_)_ __  __ _ \ \ \ \
( ( )\___ | '_ | '_| | '_ \/ _` | \ \ \ \
 \\/  ___)| |_)| | | | | || (_| |  ) ) ) )
  '  |____| .__|_| |_|_| |_\__, | / / / /
 =========|_|==============|___/=/_/_/_/

 :: Spring Boot ::                (v3.5.8)

2025-12-19T08:04:45.265+05:30  INFO 6696 --- [service-registry-eureka] [           main] .s.ServiceRegistryEurekaApplicationTests : Starting ServiceRegistryEurekaApplicationTests using Java 17.0.17 with PID 6696 (started by ajays in C:\Users\ajays\Documents\workspace-spring-tools-for-eclipse-4.32.2.RELEASE\service-registry-eureka)
2025-12-19T08:04:45.268+05:30  INFO 6696 --- [service-registry-eureka] [           main] .s.ServiceRegistryEurekaApplicationTests : No active profile set, falling back to 1 default profile: "default"
2025-12-19T08:04:48.120+05:30  INFO 6696 --- [service-registry-eureka] [           main] o.s.cloud.context.scope.GenericScope     : BeanFactory id=03709a97-9ceb-371f-ba28-db1a76f065ec
2025-12-19T08:04:49.147+05:30  INFO 6696 --- [service-registry-eureka] [           main] o.s.v.b.OptionalValidatorFactoryBean     : Failed to set up a Bean Validation provider: jakarta.validation.NoProviderFoundException: Unable to create a Configuration, because no Jakarta Bean Validation provider could be found. Add a provider like Hibernate Validator (RI) to your classpath.
2025-12-19T08:04:51.621+05:30  WARN 6696 --- [service-registry-eureka] [           main] iguration$LoadBalancerCaffeineWarnLogger : Spring Cloud LoadBalancer is currently working with the default cache. While this cache implementation is useful for development and tests, it's recommended to use Caffeine cache in production.You can switch to using Caffeine cache, by adding it and org.springframework.cache.caffeine.CaffeineCacheManager to the classpath.
2025-12-19T08:04:52.181+05:30  INFO 6696 --- [service-registry-eureka] [           main] o.s.c.n.eureka.InstanceInfoFactory       : Setting initial instance status as: STARTING
2025-12-19T08:04:52.240+05:30  INFO 6696 --- [service-registry-eureka] [           main] com.netflix.discovery.DiscoveryClient    : Initializing Eureka in region us-east-1
2025-12-19T08:04:52.245+05:30  INFO 6696 --- [service-registry-eureka] [           main] com.netflix.discovery.DiscoveryClient    : Client configured to neither register nor query for data.
2025-12-19T08:04:52.250+05:30  INFO 6696 --- [service-registry-eureka] [           main] com.netflix.discovery.DiscoveryClient    : Discovery Client initialized at timestamp 1766111692249 with initial instances count: 0
2025-12-19T08:04:52.358+05:30  INFO 6696 --- [service-registry-eureka] [           main] c.n.eureka.DefaultEurekaServerContext    : Initializing ...
2025-12-19T08:04:52.363+05:30  INFO 6696 --- [service-registry-eureka] [           main] c.n.eureka.cluster.PeerEurekaNodes       : Adding new peer nodes [http://localhost:8761/eureka/]
2025-12-19T08:04:52.691+05:30  INFO 6696 --- [service-registry-eureka] [           main] c.n.d.provider.DiscoveryJerseyProvider   : Using JSON encoding codec LegacyJacksonJson
2025-12-19T08:04:52.691+05:30  INFO 6696 --- [service-registry-eureka] [           main] c.n.d.provider.DiscoveryJerseyProvider   : Using JSON decoding codec LegacyJacksonJson
2025-12-19T08:04:52.691+05:30  INFO 6696 --- [service-registry-eureka] [           main] c.n.d.provider.DiscoveryJerseyProvider   : Using XML encoding codec XStreamXml
2025-12-19T08:04:52.692+05:30  INFO 6696 --- [service-registry-eureka] [           main] c.n.d.provider.DiscoveryJerseyProvider   : Using XML decoding codec XStreamXml
2025-12-19T08:04:52.820+05:30  INFO 6696 --- [service-registry-eureka] [           main] c.n.eureka.cluster.PeerEurekaNodes       : Replica node URL:  http://localhost:8761/eureka/
2025-12-19T08:04:52.841+05:30  INFO 6696 --- [service-registry-eureka] [           main] c.n.e.registry.AbstractInstanceRegistry  : Finished initializing remote region registries. All known remote regions: []
2025-12-19T08:04:52.841+05:30  INFO 6696 --- [service-registry-eureka] [           main] c.n.eureka.DefaultEurekaServerContext    : Initialized
2025-12-19T08:04:53.084+05:30  INFO 6696 --- [service-registry-eureka] [           main] o.s.b.a.e.web.EndpointLinksResolver      : Exposing 1 endpoint beneath base path '/actuator'
2025-12-19T08:04:53.186+05:30  INFO 6696 --- [service-registry-eureka] [           main] o.s.c.n.e.s.EurekaServiceRegistry        : Registering application SERVICE-REGISTRY-EUREKA with eureka with status UP
2025-12-19T08:04:53.217+05:30  INFO 6696 --- [service-registry-eureka] [      Thread-11] o.s.c.n.e.server.EurekaServerBootstrap   : isAws returned false
2025-12-19T08:04:53.218+05:30  INFO 6696 --- [service-registry-eureka] [      Thread-11] o.s.c.n.e.server.EurekaServerBootstrap   : Initialized server context
2025-12-19T08:04:53.218+05:30  INFO 6696 --- [service-registry-eureka] [      Thread-11] c.n.e.r.PeerAwareInstanceRegistryImpl    : Got 1 instances from neighboring DS node
2025-12-19T08:04:53.218+05:30  INFO 6696 --- [service-registry-eureka] [      Thread-11] c.n.e.r.PeerAwareInstanceRegistryImpl    : Renew threshold is: 1
2025-12-19T08:04:53.219+05:30  INFO 6696 --- [service-registry-eureka] [      Thread-11] c.n.e.r.PeerAwareInstanceRegistryImpl    : Changing status to UP
2025-12-19T08:04:53.222+05:30  INFO 6696 --- [service-registry-eureka] [      Thread-11] e.s.EurekaServerInitializerConfiguration : Started Eureka Server
2025-12-19T08:04:53.235+05:30  INFO 6696 --- [service-registry-eureka] [           main] .s.ServiceRegistryEurekaApplicationTests : Started ServiceRegistryEurekaApplicationTests in 8.855 seconds (process running for 11.26)
]]></system-out>
  </testcase>
</testsuite>